<?xml version="1.0" encoding="UTF-8" ?>
<testsuite tests="1" failures="1" name="ApplicationTest" time="0.082" errors="0" skipped="0">
  <properties>
    <property name="java.runtime.name" value="Java(TM) SE Runtime Environment"/>
    <property name="sun.boot.library.path" value="D:\pop\devtools\windows\java\jdk1.8.0_45-64b\jre\bin"/>
    <property name="java.vm.version" value="25.45-b02"/>
    <property name="java.vm.vendor" value="Oracle Corporation"/>
    <property name="maven.multiModuleProjectDirectory" value="D:\slack\java\dojosessions\instrumentation"/>
    <property name="java.vendor.url" value="http://java.oracle.com/"/>
    <property name="path.separator" value=";"/>
    <property name="guice.disable.misplaced.annotation.check" value="true"/>
    <property name="java.vm.name" value="Java HotSpot(TM) 64-Bit Server VM"/>
    <property name="file.encoding.pkg" value="sun.io"/>
    <property name="user.script" value=""/>
    <property name="user.country" value="US"/>
    <property name="sun.java.launcher" value="SUN_STANDARD"/>
    <property name="sun.os.patch.level" value="Service Pack 1"/>
    <property name="java.vm.specification.name" value="Java Virtual Machine Specification"/>
    <property name="user.dir" value="D:\slack\java\dojosessions\instrumentation"/>
    <property name="java.runtime.version" value="1.8.0_45-b15"/>
    <property name="java.awt.graphicsenv" value="sun.awt.Win32GraphicsEnvironment"/>
    <property name="java.endorsed.dirs" value="D:\pop\devtools\windows\java\jdk1.8.0_45-64b\jre\lib\endorsed"/>
    <property name="os.arch" value="amd64"/>
    <property name="java.io.tmpdir" value="C:\Users\mrida\AppData\Local\Temp\"/>
    <property name="line.separator" value="
"/>
    <property name="java.vm.specification.vendor" value="Oracle Corporation"/>
    <property name="user.variant" value=""/>
    <property name="os.name" value="Windows 7"/>
    <property name="classworlds.conf" value="D:\pop\devtools\windows\maven\maven-3.3.3\bin\m2.conf"/>
    <property name="sun.jnu.encoding" value="Cp1252"/>
    <property name="java.library.path" value="D:\pop\devtools\windows\java\jdk1.8.0_45-64b\bin;C:\Windows\Sun\Java\bin;C:\Windows\system32;C:\Windows;D:\pop\devtools\windows\java\jdk1.8.0_45-64b\jre\bin;D:\pop\devtools\windows\java\jdk1.8.0_45-64b\jre\bin\client;D:\pop\devtools\windows\java\jdk1.8.0_45-64b\bin;D:\pop\devtools\windows\maven\maven-3.3.3\bin;D:\pop\devtools\windows\python\2.7;D:\pop\devtools\windows\cmake\cmake-2.6.4\bin;D:\pop\devtools\windows\ant\apache-ant-1.7.1\bin;D:\pop\devtools\windows\mxtools;D:\pop\devtools\windows\ruby\Ruby200\bin;D:\pop\devtools\windows\java\jdk1.8.0_45-64b\jre\bin;D:\pop\devtools\windows\java\jdk1.8.0_45-64b\jre\bin\client;D:\pop\devtools\windows\java\jdk1.8.0_45-64b\bin;D:\pop\devtools\windows\maven\maven-3.3.3\bin;D:\pop\devtools\windows\python\2.7;D:\pop\devtools\windows\cmake\cmake-2.6.4\bin;D:\pop\devtools\windows\ant\apache-ant-1.7.1\bin;D:\pop\devtools\windows\mxtools;D:\pop\devtools\windows\ruby\Ruby200\bin;D:\files\tools\ConEmuPack.141004\ConEmu;D:\files\tools\ConEmuPack.141004;C:\ProgramData\Oracle\Java\javapath;C:\Windows\system32;C:\Windows;C:\Windows\System32\Wbem;C:\Windows\System32\WindowsPowerShell\v1.0\;U:\tools\bin;R:\tools;C:\Program Files (x86)\Enterprise Vault\EVClient\x64\;C:\UserTool;C:\Program Files\Perforce;C:\Program Files (x86)\Subversion\bin;C:\Program Files\Lenovo\Fingerprint Manager Pro\;C:\Program Files (x86)\Lenovo\Access Connections\;C:\Program Files\Git\cmd;C:\Program Files\Intel\WiFi\bin\;C:\Program Files\Common Files\Intel\WirelessCommon\;D:\files\devtools\ruby22\bin;C:\Program Files\Intel\WiFi\bin\;C:\Program Files\Common Files\Intel\WirelessCommon\;d:\production\tools;d:\production\tools;."/>
    <property name="java.specification.name" value="Java Platform API Specification"/>
    <property name="java.class.version" value="52.0"/>
    <property name="sun.management.compiler" value="HotSpot 64-Bit Tiered Compilers"/>
    <property name="os.version" value="6.1"/>
    <property name="user.home" value="C:\Users\mrida"/>
    <property name="user.timezone" value="Asia/Beirut"/>
    <property name="java.awt.printerjob" value="sun.awt.windows.WPrinterJob"/>
    <property name="java.specification.version" value="1.8"/>
    <property name="file.encoding" value="Cp1252"/>
    <property name="user.name" value="mrida"/>
    <property name="java.class.path" value="D:\pop\devtools\windows\maven\maven-3.3.3\boot\plexus-classworlds-2.5.2.jar"/>
    <property name="java.vm.specification.version" value="1.8"/>
    <property name="sun.arch.data.model" value="64"/>
    <property name="java.home" value="D:\pop\devtools\windows\java\jdk1.8.0_45-64b\jre"/>
    <property name="sun.java.command" value="org.codehaus.plexus.classworlds.launcher.Launcher clean install"/>
    <property name="java.specification.vendor" value="Oracle Corporation"/>
    <property name="user.language" value="en"/>
    <property name="awt.toolkit" value="sun.awt.windows.WToolkit"/>
    <property name="java.vm.info" value="mixed mode"/>
    <property name="java.version" value="1.8.0_45"/>
    <property name="java.ext.dirs" value="D:\pop\devtools\windows\java\jdk1.8.0_45-64b\jre\lib\ext;C:\Windows\Sun\Java\lib\ext"/>
    <property name="sun.boot.class.path" value="D:\pop\devtools\windows\java\jdk1.8.0_45-64b\jre\lib\resources.jar;D:\pop\devtools\windows\java\jdk1.8.0_45-64b\jre\lib\rt.jar;D:\pop\devtools\windows\java\jdk1.8.0_45-64b\jre\lib\sunrsasign.jar;D:\pop\devtools\windows\java\jdk1.8.0_45-64b\jre\lib\jsse.jar;D:\pop\devtools\windows\java\jdk1.8.0_45-64b\jre\lib\jce.jar;D:\pop\devtools\windows\java\jdk1.8.0_45-64b\jre\lib\charsets.jar;D:\pop\devtools\windows\java\jdk1.8.0_45-64b\jre\lib\jfr.jar;D:\pop\devtools\windows\java\jdk1.8.0_45-64b\jre\classes"/>
    <property name="sun.stderr.encoding" value="cp437"/>
    <property name="java.vendor" value="Oracle Corporation"/>
    <property name="maven.home" value="D:\pop\devtools\windows\maven\maven-3.3.3"/>
    <property name="file.separator" value="\"/>
    <property name="java.vendor.url.bug" value="http://bugreport.sun.com/bugreport/"/>
    <property name="sun.cpu.endian" value="little"/>
    <property name="sun.io.unicode.encoding" value="UnicodeLittle"/>
    <property name="sun.stdout.encoding" value="cp437"/>
    <property name="sun.desktop" value="windows"/>
    <property name="sun.cpu.isalist" value="amd64"/>
  </properties>
  <testcase classname="ApplicationTest" name="it_should_print_hello" time="0.082">
    <failure message="expected:&lt;&apos;[hello]&apos;&gt; but was:&lt;&apos;[Bye]&apos;&gt;" type="org.junit.ComparisonFailure">org.junit.ComparisonFailure: expected:&lt;&apos;[hello]&apos;&gt; but was:&lt;&apos;[Bye]&apos;&gt;
	at sun.reflect.NativeConstructorAccessorImpl.newInstance0(Native Method)
	at sun.reflect.NativeConstructorAccessorImpl.newInstance(NativeConstructorAccessorImpl.java:62)
	at sun.reflect.DelegatingConstructorAccessorImpl.newInstance(DelegatingConstructorAccessorImpl.java:45)
	at ApplicationTest.it_should_print_hello(ApplicationTest.java:9)
	at sun.reflect.NativeMethodAccessorImpl.invoke0(Native Method)
	at sun.reflect.NativeMethodAccessorImpl.invoke(NativeMethodAccessorImpl.java:62)
	at sun.reflect.DelegatingMethodAccessorImpl.invoke(DelegatingMethodAccessorImpl.java:43)
	at java.lang.reflect.Method.invoke(Method.java:497)
	at org.junit.runners.model.FrameworkMethod$1.runReflectiveCall(FrameworkMethod.java:50)
	at org.junit.internal.runners.model.ReflectiveCallable.run(ReflectiveCallable.java:12)
	at org.junit.runners.model.FrameworkMethod.invokeExplosively(FrameworkMethod.java:47)
	at org.junit.internal.runners.statements.InvokeMethod.evaluate(InvokeMethod.java:17)
	at org.junit.runners.ParentRunner.runLeaf(ParentRunner.java:325)
	at org.junit.runners.BlockJUnit4ClassRunner.runChild(BlockJUnit4ClassRunner.java:78)
	at org.junit.runners.BlockJUnit4ClassRunner.runChild(BlockJUnit4ClassRunner.java:57)
	at org.junit.runners.ParentRunner$3.run(ParentRunner.java:290)
	at org.junit.runners.ParentRunner$1.schedule(ParentRunner.java:71)
	at org.junit.runners.ParentRunner.runChildren(ParentRunner.java:288)
	at org.junit.runners.ParentRunner.access$000(ParentRunner.java:58)
	at org.junit.runners.ParentRunner$2.evaluate(ParentRunner.java:268)
	at org.junit.runners.ParentRunner.run(ParentRunner.java:363)
	at org.apache.maven.surefire.junit4.JUnit4Provider.execute(JUnit4Provider.java:252)
	at org.apache.maven.surefire.junit4.JUnit4Provider.executeTestSet(JUnit4Provider.java:141)
	at org.apache.maven.surefire.junit4.JUnit4Provider.invoke(JUnit4Provider.java:112)
	at sun.reflect.NativeMethodAccessorImpl.invoke0(Native Method)
	at sun.reflect.NativeMethodAccessorImpl.invoke(NativeMethodAccessorImpl.java:62)
	at sun.reflect.DelegatingMethodAccessorImpl.invoke(DelegatingMethodAccessorImpl.java:43)
	at java.lang.reflect.Method.invoke(Method.java:497)
	at org.apache.maven.surefire.util.ReflectionUtils.invokeMethodWithArray(ReflectionUtils.java:189)
	at org.apache.maven.surefire.booter.ProviderFactory$ProviderProxy.invoke(ProviderFactory.java:165)
	at org.apache.maven.surefire.booter.ProviderFactory.invokeProvider(ProviderFactory.java:85)
	at org.apache.maven.surefire.booter.ForkedBooter.runSuitesInProcess(ForkedBooter.java:115)
	at org.apache.maven.surefire.booter.ForkedBooter.main(ForkedBooter.java:75)
</failure>
  </testcase>
</testsuite>